<?xml version="1.0" encoding="UTF-8"?>
<!-- Generated by org.testng.reporters.JUnitReportReporter -->
<testsuite hostname="DESKTOP-64BULFN" failures="0" tests="1" name="test.MobileBrowserTest" time="5.278" errors="0" timestamp="2023-09-22T13:28:42 IST" skipped="0">
  <testcase classname="test.MobileBrowserTest" name="browserTest" time="5.278"/>
  <system-out/>
</testsuite> <!-- test.MobileBrowserTest -->
