<?xml version="1.0" encoding="UTF-8"?>
<!-- Generated by org.testng.reporters.JUnitReportReporter -->
<testsuite hostname="DESKTOP-64BULFN" failures="0" tests="1" name="test.EcommerceTC1" time="22.243" errors="0" timestamp="2023-09-08T18:49:37 IST" skipped="0">
  <testcase classname="test.EcommerceTC1" name="FillForm" time="22.243"/>
  <system-out/>
</testsuite> <!-- test.EcommerceTC1 -->
