<?xml version="1.0" encoding="UTF-8"?>
<!-- Generated by org.testng.reporters.JUnitReportReporter -->
<testsuite hostname="DESKTOP-64BULFN" failures="0" tests="1" name="test.LongPress" time="11.841" errors="0" timestamp="2023-09-05T17:42:45 IST" skipped="0">
  <testcase classname="test.LongPress" name="LongPressAction" time="11.841"/>
  <system-out/>
</testsuite> <!-- test.LongPress -->
