<?xml version="1.0" encoding="UTF-8"?>
<!-- Generated by org.testng.reporters.JUnitReportReporter -->
<testsuite hostname="DESKTOP-64BULFN" failures="0" tests="1" name="test.ScrollDemo" time="24.759" errors="0" timestamp="2023-09-06T13:33:49 IST" skipped="0">
  <testcase classname="test.ScrollDemo" name="scrollDemoTest" time="24.759"/>
  <system-out/>
</testsuite> <!-- test.ScrollDemo -->
