<?xml version="1.0" encoding="UTF-8"?>
<!-- Generated by org.testng.reporters.JUnitReportReporter -->
<testsuite hostname="DESKTOP-64BULFN" failures="0" tests="1" name="test.EcommerceTC3" time="28.239" errors="0" timestamp="2023-09-19T17:18:05 IST" skipped="0">
  <testcase classname="test.EcommerceTC3" name="FillForm" time="28.239"/>
  <system-out/>
</testsuite> <!-- test.EcommerceTC3 -->
