<?xml version="1.0" encoding="UTF-8"?>
<!-- Generated by org.testng.reporters.JUnitReportReporter -->
<testsuite hostname="DESKTOP-64BULFN" failures="0" tests="1" name="test.AppiumBasics" time="9.685" errors="0" timestamp="2023-09-05T11:42:27 IST" skipped="0">
  <testcase classname="test.AppiumBasics" name="SetWifiSetting" time="9.685"/>
  <system-out/>
</testsuite> <!-- test.AppiumBasics -->
