<?xml version="1.0" encoding="UTF-8"?>
<!-- Generated by org.testng.reporters.JUnitReportReporter -->
<testsuite hostname="DESKTOP-64BULFN" failures="0" tests="1" name="test.MiscellanousAppiumAction" time="10.366" errors="0" timestamp="2023-09-08T15:55:04 IST" skipped="0">
  <testcase classname="test.MiscellanousAppiumAction" name="Miscellanous" time="10.366"/>
  <system-out/>
</testsuite> <!-- test.MiscellanousAppiumAction -->
