<?xml version="1.0" encoding="UTF-8"?>
<!-- Generated by org.testng.reporters.JUnitReportReporter -->
<testsuite hostname="DESKTOP-64BULFN" failures="0" tests="1" name="test.EcommerceTC2" time="22.452" errors="0" timestamp="2023-09-19T16:00:37 IST" skipped="0">
  <testcase classname="test.EcommerceTC2" name="FillForm" time="22.452"/>
  <system-out/>
</testsuite> <!-- test.EcommerceTC2 -->
