<?xml version="1.0" encoding="UTF-8"?>
<!-- Generated by org.testng.reporters.JUnitReportReporter -->
<testsuite hostname="DESKTOP-64BULFN" failures="0" tests="1" name="test.DragDropDemo" time="10.979" errors="0" timestamp="2023-09-07T13:12:11 IST" skipped="0">
  <testcase classname="test.DragDropDemo" name="swipeDemoTest" time="10.979"/>
  <system-out/>
</testsuite> <!-- test.DragDropDemo -->
