<?xml version="1.0" encoding="UTF-8"?>
<!-- Generated by org.testng.reporters.JUnitReportReporter -->
<testsuite hostname="DESKTOP-64BULFN" failures="0" tests="1" name="test.SwipeDemo" time="8.298" errors="0" timestamp="2023-09-07T12:41:07 IST" skipped="0">
  <testcase classname="test.SwipeDemo" name="swipeDemoTest" time="8.298"/>
  <system-out/>
</testsuite> <!-- test.SwipeDemo -->
